Starting experiment
/mnt/lustre/users/iferreira/demo
Package                  Version
------------------------ ----------
filelock                 3.17.0
fsspec                   2024.12.0
Jinja2                   3.1.5
MarkupSafe               3.0.2
mpmath                   1.3.0
networkx                 3.4.2
numpy                    2.2.2
nvidia-cublas-cu12       12.4.5.8
nvidia-cuda-cupti-cu12   12.4.127
nvidia-cuda-nvrtc-cu12   12.4.127
nvidia-cuda-runtime-cu12 12.4.127
nvidia-cudnn-cu12        9.1.0.70
nvidia-cufft-cu12        11.2.1.3
nvidia-curand-cu12       10.3.5.147
nvidia-cusolver-cu12     11.6.1.9
nvidia-cusparse-cu12     12.3.1.170
nvidia-nccl-cu12         2.21.5
nvidia-nvjitlink-cu12    12.4.127
nvidia-nvtx-cu12         12.4.127
pillow                   11.1.0
pip                      24.2
setuptools               75.8.0
sympy                    1.13.1
torch                    2.5.1
torchvision              0.20.1
triton                   3.1.0
typing_extensions        4.12.2
Thu Feb  6 22:57:00 SAST 2025
Start
Loading data
Files already downloaded and verified
Creating models
Training teacher model
0
Epoch 1/3 - Loss: 1.4315
1
Epoch 2/3 - Loss: 1.4950
2
Epoch 3/3 - Loss: 1.3636
Training student model
0
Epoch 1/3 - Loss: 1.5007
1
Epoch 2/3 - Loss: 0.5707
2
Epoch 3/3 - Loss: 0.9955
Training kd student model
0
Epoch 1/3 - Loss: 1.1580
1
Epoch 2/3 - Loss: 1.2651
2
Epoch 3/3 - Loss: 1.1887
